-----------------------------------------------------------------------------

Input image     : ../data/horseshoe_data_512_cutout.fits[1:512,1:512] 
Init. par. file : galfit.feedme 
Restart file    : galfit.01 
Output image    : ../data/horseshoe_galfit.fits 

 devauc    : ( [252.17], [256.08])   4.06    172.52   [4.00]   0.92   -62.40
             (   [0.00],   [0.00])   0.00      1.13   [0.00]   0.00     1.00
 expdisk   : ( [252.17], [256.08])   6.71      4.81    0.59     3.30
             (   [0.00],   [0.00])   0.00      0.01    0.00     0.16
 gaussian  : ( [217.30], [239.66])  10.46     [2.00]   0.79   -61.36
             (   [0.00],   [0.00])   0.01     [0.00]   0.04     6.81
 psf       : ( [244.18], [166.79])  11.67
             (   [0.00],   [0.00])   0.02
 Chi^2 = 594028.28781,  ndof = 250983
 Chi^2/nu = 2.367 

-----------------------------------------------------------------------------
-----------------------------------------------------------------------------

Input image     : ../data/horseshoe_data_512_cutout.fits[1:512,1:512] 
Init. par. file : galfit.feedme 
Restart file    : galfit.02 
Output image    : ../data/horseshoe_galfit.fits 

 devauc    : ( [252.17], [256.08])   5.68     18.09   [4.00]   0.78     7.27
             (   [0.00],   [0.00])   0.02      0.42   [0.00]   0.01     1.65
 expdisk   : ( [252.17], [256.08])   5.18     50.13    0.75   -74.53
             (   [0.00],   [0.00])   0.01      0.23    0.00     0.63
 gaussian  : ( [217.30], [239.66])  10.51     [2.00]   0.92   -43.23
             (   [0.00],   [0.00])   0.06     [0.00]   0.21   104.43
 psf       : ( [244.18], [166.79])  11.67
             (   [0.00],   [0.00])   0.09
 Chi^2 = 73771630.37342,  ndof = 250983
 Chi^2/nu = 293.931 

-----------------------------------------------------------------------------
-----------------------------------------------------------------------------

Input image     : ../data/horseshoe_data_512_cutout.fits[1:512,1:512] 
Init. par. file : galfit.feedme 
Restart file    : galfit.03 
Output image    : ../data/horseshoe_galfit.fits 

 sersic    : ( [252.17], [256.08])  15.43     10.69   [0.50]   0.78    -2.01
             (   [0.00],   [0.00])   0.00      0.02   [0.00]   0.00     0.27
 sersic    : ( [252.17], [256.08])   8.97   1010.92    1.03    1.00   -58.10
             (   [0.00],   [0.00])   0.03     20.84    0.01    0.00    34.18
 gaussian  : ( [217.30], [239.66])  19.71     [2.00]   1.00   -55.48
             (   [0.00],   [0.00])   0.01     [0.00]   0.05  2148.29
 psf       : ( [244.18], [166.79])  21.20
             (   [0.00],   [0.00])   0.03
 Chi^2 = 413690.32907,  ndof = 248600
 Chi^2/nu = 1.664 

-----------------------------------------------------------------------------
-----------------------------------------------------------------------------

Input image     : ../data/horseshoe_data_512_cutout.fits[1:512,1:512] 
Init. par. file : galfit.feedme 
Restart file    : galfit.04 
Output image    : ../data/horseshoe_galfit.fits 

 sersic    : ( [252.17], [256.08])  15.43     10.60   [0.50]   0.79    -2.01
             (   [0.00],   [0.00])   0.00      0.02   [0.00]   0.00     0.27
 sersic    : ( [252.17], [256.08])   9.03    971.80    1.02    1.00   -59.91
             (   [0.00],   [0.00])   0.03     19.17    0.01    0.00    25.92
 gaussian  : ( [217.30], [239.66])  19.71     [2.00]   0.98   -55.18
             (   [0.00],   [0.00])   0.01     [0.00]   0.05    96.21
 psf       : (  245.05,   167.90)   20.69
             (    0.03,     0.03)    0.02
 Chi^2 = 413986.86908,  ndof = 248598
 Chi^2/nu = 1.665 

-----------------------------------------------------------------------------
-----------------------------------------------------------------------------

Input image     : ../data/horseshoe_data_512_cutout.fits[1:512,1:512] 
Init. par. file : galfit.feedme 
Restart file    : galfit.05 
Output image    : ../data/horseshoe_galfit.fits 

 sersic    : ( [252.17], [256.08])  15.43     10.66   [0.50]   0.78    -2.00
             (   [0.00],   [0.00])   0.00      0.02   [0.00]   0.00     0.27
 sersic    : ( [252.17], [256.08])   8.78   1152.74    1.10    1.00   -49.12
             (   [0.00],   [0.00])   0.03     26.28    0.01    0.00   435.52
 gaussian  : (  218.14,   240.20)   19.50     [2.00]   1.00    47.24
             (    0.02,     0.02)    0.01     [0.00]   0.04  3624.43
 psf       : (  245.05,   167.90)   20.69
             (    0.03,     0.03)    0.02
 Chi^2 = 403719.60122,  ndof = 248596
 Chi^2/nu = 1.624 

-----------------------------------------------------------------------------
-----------------------------------------------------------------------------

Input image     : ../data/horseshoe_data_512_cutout.fits[1:512,1:512] 
Init. par. file : galfit.feedme 
Restart file    : galfit.06 
Output image    : ../data/horseshoe_galfit.fits 

 sersic    : ( [252.17], [256.08])  15.43     10.69   [0.50]   0.78    -2.01
             (   [0.00],   [0.00])   0.00      0.02   [0.00]   0.00     0.27
 sersic    : ( [252.17], [256.08])   8.83   1112.83    1.08    1.00   -58.26
             (   [0.00],   [0.00])   0.03     24.73    0.01    0.00  1352.28
 gaussian  : (  218.14,   240.20)   19.50     [2.00]   1.00    41.46
             (    0.02,     0.02)    0.01     [0.00]   0.04   346.40
 gaussian  : (  245.04,   167.91)   20.54     [2.00]   0.68   -21.66
             (    0.04,     0.04)    0.02     [0.00]   0.09    10.35
 Chi^2 = 405012.14561,  ndof = 248594
 Chi^2/nu = 1.629 

-----------------------------------------------------------------------------
-----------------------------------------------------------------------------

Input image     : ../data/horseshoe_data_512_cutout.fits[1:512,1:512] 
Init. par. file : galfit.feedme 
Restart file    : galfit.07 
Output image    : ../data/horseshoe_galfit.fits 

 sersic    : ( [252.17], [256.08])   8.56   1151.50    0.50    0.78   -79.46
             (   [0.00],   [0.00])   0.13     86.89    0.02    0.01     1.01
 sersic    : ( [252.17], [256.08])  13.91     65.14   [5.00]   0.88    -7.62
             (   [0.00],   [0.00])   0.00      0.25   [0.00]   0.00     0.40
 gaussian  : (  218.09,   240.18)   19.72     [2.00]   0.63    44.57
             (    0.01,     0.01)    0.01     [0.00]   0.04     3.80
 gaussian  : (  245.04,   167.91)   20.48     [2.00]   0.80     4.33
             (    0.03,     0.03)    0.02     [0.00]   0.06    11.99
 Chi^2 = 219470.44489,  ndof = 248594
 Chi^2/nu = 0.883 

-----------------------------------------------------------------------------
-----------------------------------------------------------------------------

Input image     : ../data/horseshoe_data_512_cutout.fits[1:512,1:512] 
Init. par. file : galfit.feedme 
Restart file    : galfit.08 
Output image    : ../data/horseshoe_galfit.fits 

 sersic    : ( [252.17], [256.08])   6.67   3505.07    0.77    0.69   -78.76
             (   [0.00],   [0.00])   0.31    622.64    0.05    0.01     0.88
 sersic    : ( [252.17], [256.08])  13.92     64.62   [5.00]   0.88    -6.99
             (   [0.00],   [0.00])   0.00      0.25   [0.00]   0.00     0.39
 gaussian  : (  218.09,   240.18)   19.72     [2.00]   0.64    44.58
             (    0.01,     0.01)    0.01     [0.00]   0.04     3.77
 gaussian  : (  245.04,   167.91)   20.48     [2.00]   0.81     4.19
             (    0.03,     0.03)    0.02     [0.00]   0.05    12.27
 Chi^2 = 206353.43215,  ndof = 242741
 Chi^2/nu = 0.850 

-----------------------------------------------------------------------------
-----------------------------------------------------------------------------

Input image     : ../data/horseshoe_data_512_cutout.fits[1:512,1:512] 
Init. par. file : galfit.feedme 
Restart file    : galfit.09 
Output image    : ../data/horseshoe_galfit.fits 

 sersic    : (  247.57,   254.13)   10.13    435.50    0.20    1.00   -71.64
             (    1.68,     1.63)    0.08     18.22    0.01    0.02   443.06
 sersic    : ( [252.17], [256.08])  13.84     69.73   [5.00]   0.89    -8.45
             (   [0.00],   [0.00])   0.00      0.23   [0.00]   0.00     0.42
 gaussian  : (  218.09,   240.18)   19.72     [2.00]   0.62    44.55
             (    0.01,     0.01)    0.01     [0.00]   0.04     3.65
 gaussian  : (  245.04,   167.91)   20.47     [2.00]   0.83   -14.30
             (    0.03,     0.03)    0.02     [0.00]   0.06    13.54
 Chi^2 = 208529.05588,  ndof = 242739
 Chi^2/nu = 0.859 

-----------------------------------------------------------------------------
-----------------------------------------------------------------------------

Input image     : ../data/horseshoe_data_512_cutout.fits[1:512,1:512] 
Init. par. file : galfit.feedme 
Restart file    : galfit.10 
Output image    : ../data/horseshoe_galfit.fits 

 sersic    : (  249.41,   258.43)    9.11    825.74    0.42    0.83   -80.27
             (    1.06,     0.71)    0.08     34.75    0.01    0.01     0.95
 sersic    : (  251.22,   258.36)   13.98     53.26   [5.00]   0.87    -8.21
             (    0.01,     0.01)    0.00      0.15   [0.00]   0.00     0.29
 gaussian  : (  218.09,   240.18)   19.71     [2.00]   0.66    44.59
             (    0.01,     0.01)    0.01     [0.00]   0.03     3.21
 gaussian  : (  245.04,   167.91)   20.46     [2.00]   0.85     5.05
             (    0.02,     0.02)    0.01     [0.00]   0.04    12.08
 Chi^2 = 138822.47642,  ndof = 242737
 Chi^2/nu = 0.572 

-----------------------------------------------------------------------------
-----------------------------------------------------------------------------

Input image     : ../data/horseshoe_data_512_cutout.fits[1:512,1:512] 
Init. par. file : galfit.feedme 
Restart file    : galfit.11 
Output image    : ../data/horseshoe_galfit.fits 

 sersic    : (  250.69,   258.59)    9.21    770.34    0.44    0.88   -78.66
             (    0.78,     0.59)    0.07     30.52    0.01    0.01     1.10
 sersic    : (  251.23,   258.36)   14.12     42.50    4.47    0.87    -7.83
             (    0.01,     0.01)    0.00      0.34    0.02    0.00     0.28
 gaussian  : (  218.09,   240.18)   19.70     [2.00]   0.68    44.56
             (    0.01,     0.01)    0.01     [0.00]   0.03     3.38
 gaussian  : (  245.04,   167.91)   20.46     [2.00]   0.86     5.02
             (    0.02,     0.02)    0.01     [0.00]   0.04    12.67
 Chi^2 = 138571.11594,  ndof = 242736
 Chi^2/nu = 0.571 

-----------------------------------------------------------------------------
-----------------------------------------------------------------------------

Input image     : ../data/horseshoe_data_512_cutout.fits[1:512,1:512] 
Init. par. file : galfit.feedme 
Restart file    : galfit.12 
Output image    : ../data/horseshoe_galfit.fits 

 sersic    : (  250.32,   258.28)    9.34    715.09    0.41    0.88   -79.03
             (    0.82,     0.61)    0.07     26.65    0.01    0.01     1.14
 sersic    : (  251.23,   258.36)   14.10     43.91    4.53    0.87    -7.94
             (    0.01,     0.01)    0.00      0.35    0.02    0.00     0.28
 gaussian  : (  218.09,   240.18)   19.70     [2.00]   0.67    44.56
             (    0.01,     0.01)    0.01     [0.00]   0.03     3.35
 gaussian  : (  245.03,   167.91)   20.45     [2.00]   0.86     5.11
             (    0.02,     0.02)    0.01     [0.00]   0.04    12.78
 Chi^2 = 138841.35924,  ndof = 242736
 Chi^2/nu = 0.572 

-----------------------------------------------------------------------------
-----------------------------------------------------------------------------

Input image     : ../data/horseshoe_data_512_cutout.fits[1:512,1:512] 
Init. par. file : galfit.feedme 
Restart file    : galfit.13 
Output image    : ../data/horseshoe_galfit.fits 

 sersic    : (  251.22,   258.35)   13.77     73.14    5.48    0.88    -8.83
             (    0.00,     0.01)    0.00      0.61    0.02    0.00     0.28
 sersic    : (  310.07,   169.26)   10.48    399.43    0.05    0.85    44.24
             (   37.65,    40.25)   64.69  11899.14    0.02    0.08    67.97
 gaussian  : (  218.09,   240.18)   19.72     [2.00]   0.63    44.59
             (    0.01,     0.01)    0.01     [0.00]   0.03     2.82
 gaussian  : (  245.03,   167.91)   20.43     [2.00]   0.90     4.74
             (    0.02,     0.02)    0.01     [0.00]   0.04    16.59
 Chi^2 = 100399.73293,  ndof = 200591
 Chi^2/nu = 0.501 

-----------------------------------------------------------------------------
-----------------------------------------------------------------------------

Input image     : ../data/horseshoe_data_512_cutout.fits[1:512,1:512] 
Init. par. file : galfit.feedme 
Restart file    : galfit.14 
Output image    : ../data/horseshoe_galfit.fits 

 sersic    : (  252.68,   258.70)    8.72   1446.08    1.58    1.00    85.99
             (    0.23,     0.23)    0.05     52.59    0.02    0.00   296.27
 gaussian  : (   91.93,    37.81)   23.30     [2.00]   0.98   -23.57
             (    0.62,     0.69)    0.35     [0.00]   1.32  2880.16
 gaussian  : (  245.05,   167.91)   20.68     [2.00]  *0.09*  -27.51
             (    0.07,     0.10)    0.29     [0.00]  *1.21*   27.14
 Chi^2 = 1024062.20451,  ndof = 200598
 Chi^2/nu = 5.105 

-----------------------------------------------------------------------------
-----------------------------------------------------------------------------

Input image     : ../data/horseshoe_data_512_cutout.fits[1:512,1:512] 
Init. par. file : galfit.feedme 
Restart file    : galfit.15 
Output image    : ../data/horseshoe_galfit.fits 

 sersic    : (  252.68,   258.70)    8.72   1446.08    1.58    1.00    85.99
             (    0.23,     0.23)    0.05     52.59    0.02    0.00   296.27
 gaussian  : (   91.93,    37.81)   23.30     [2.00]   0.98   -23.57
             (    0.62,     0.69)    0.35     [0.00]   1.32  2880.16
 gaussian  : (  245.05,   167.91)   20.68     [2.00]  *0.09*  -27.51
             (    0.07,     0.10)    0.29     [0.00]  *1.21*   27.14
 Chi^2 = 1024062.20451,  ndof = 200598
 Chi^2/nu = 5.105 

-----------------------------------------------------------------------------
-----------------------------------------------------------------------------

Input image     : ../data/horseshoe_data_512_cutout.fits[1:512,1:512] 
Init. par. file : galfit.feedme 
Restart file    : galfit.16 
Output image    : ../data/horseshoe_galfit.fits 

 sersic    : (  252.68,   258.70)    8.72   1446.08    1.58    1.00    85.99
             (    0.23,     0.23)    0.05     52.59    0.02    0.00   296.27
 gaussian  : (   91.93,    37.81)   23.30     [2.00]   0.98   -23.57
             (    0.62,     0.69)    0.35     [0.00]   1.32  2880.16
 gaussian  : (  245.05,   167.91)   20.68     [2.00]  *0.09*  -27.51
             (    0.07,     0.10)    0.29     [0.00]  *1.21*   27.14
 Chi^2 = 1024062.20451,  ndof = 200598
 Chi^2/nu = 5.105 

-----------------------------------------------------------------------------
-----------------------------------------------------------------------------

Input image     : ../data/horseshoe_data_512_cutout.fits[1:512,1:512] 
Init. par. file : galfit.feedme 
Restart file    : galfit.17 
Output image    : ../data/horseshoe_galfit.fits 

 sersic    : (  251.33,   258.35)   10.10   3386.47    7.15    0.96   -19.05
             (    0.04,     0.03)    0.09    403.91    0.17    0.00     2.96
 gaussian  : (  218.07,   240.25)   19.38     [2.00]  *0.04*   61.81
             (    0.25,     0.12)    0.20     [0.00]  *0.35*   18.21
 gaussian  : (  245.03,   167.89)   20.22     [2.00]   0.92     2.79
             (    0.07,     0.07)    0.03     [0.00]   0.14    67.80
 Chi^2 = 267468.97949,  ndof = 31283
 Chi^2/nu = 8.550 

-----------------------------------------------------------------------------
-----------------------------------------------------------------------------

Input image     : ../data/horseshoe_data_512_cutout.fits[1:512,1:512] 
Init. par. file : galfit.feedme 
Restart file    : galfit.18 
Output image    : ../data/horseshoe_galfit.fits 

 sersic    : (  251.11,   255.94)   16.76     40.75  *20.00*   0.11    59.11
             (    0.10,     0.08)    0.45     60.43   *9.35*   0.02     0.81
 sersic    : (  251.48,   259.05)   13.50     55.64    2.15    1.00   -23.03
             (    0.06,     0.08)    0.01      1.02    0.04    0.01   296.58
 gaussian  : (  218.04,   240.14)   19.59     [2.00]   0.97    65.08
             (    0.06,     0.07)    0.05     [0.00]   0.18   263.43
 gaussian  : (  244.92,   167.77)   19.89     [2.00]   0.96   -41.55
             (    0.08,     0.08)    0.05     [0.00]   0.19   165.20
 Chi^2 = 864171.19110,  ndof = 31276
 Chi^2/nu = 27.630 

-----------------------------------------------------------------------------
-----------------------------------------------------------------------------

Input image     : ../data/horseshoe_data_512_cutout.fits[1:512,1:512] 
Init. par. file : galfit.feedme 
Restart file    : galfit.19 
Output image    : ../data/horseshoe_galfit.fits 

 sersic    : (  251.58,   257.19)   14.92      9.17    4.61    0.67     0.81
             (    0.03,     0.04)    0.02      0.40    0.17    0.01     1.60
 gaussian  : (  218.12,   240.18)   19.06     [2.00]   0.68    74.07
             (    0.10,     0.09)    0.06     [0.00]   0.21    26.26
 gaussian  : (  245.04,   167.92)   19.74     [2.00]   0.66     0.33
             (    0.14,     0.16)    0.09     [0.00]   0.29    38.07
 Chi^2 = 3169562.07223,  ndof = 31283
 Chi^2/nu = 101.319 

-----------------------------------------------------------------------------
-----------------------------------------------------------------------------

Input image     : ../data/horseshoe_data_512_cutout.fits[1:512,1:512] 
Init. par. file : galfit.feedme 
Restart file    : galfit.20 
Output image    : ../data/horseshoe_galfit.fits 

 sersic    : (  251.24,   258.36)   14.68     18.93    2.90    0.83    -4.28
             (    0.01,     0.01)    0.00      0.14    0.02    0.00     0.32
 sersic    : (  250.19,   256.57)   12.41    192.77    0.22    0.49   -72.07
             (    2.03,     0.66)    0.08     12.95    0.01    0.03     0.60
 gaussian  : (  218.10,   240.19)   19.66     [2.00]   0.78    44.54
             (    0.01,     0.01)    0.01     [0.00]   0.04     6.75
 gaussian  : (  245.04,   167.90)   20.46     [2.00]   0.84     8.39
             (    0.03,     0.03)    0.02     [0.00]   0.06    15.89
 Chi^2 = 35228.51534,  ndof = 31276
 Chi^2/nu = 1.126 

-----------------------------------------------------------------------------
-----------------------------------------------------------------------------

Input image     : ../data/horseshoe_data_512_cutout.fits[1:512,1:512] 
Init. par. file : galfit.feedme 
Restart file    : galfit.21 
Output image    : ../data/horseshoe_galfit.fits 

 sersic    : (  251.23,   258.36)   14.16     39.82    4.34    0.86    -7.61
             (    0.01,     0.01)    0.00      0.31    0.02    0.00     0.28
 sersic    : (  251.50,   259.10)    8.93    908.96    0.51    0.87   -77.96
             (    0.72,     0.55)    0.08     41.18    0.02    0.01     1.02
 gaussian  : (  218.09,   240.18)   19.70     [2.00]   0.68    44.56
             (    0.01,     0.01)    0.01     [0.00]   0.03     3.45
 gaussian  : (  245.04,   167.91)   20.46     [2.00]   0.85     5.10
             (    0.02,     0.02)    0.01     [0.00]   0.04    12.45
 Chi^2 = 138004.17975,  ndof = 242736
 Chi^2/nu = 0.569 

-----------------------------------------------------------------------------
-----------------------------------------------------------------------------

Input image     : ../data/horseshoe_data_512_cutout.fits[1:350,1:350] 
Init. par. file : galfit.feedme 
Restart file    : galfit.22 
Output image    : ../data/horseshoe_galfit.fits 

 sersic    : (  245.52,   245.88)   22.16     *0.00*   1.74    0.16    74.31
             (    -nan,     -nan)    -nan     *-nan*   -nan    -nan     -nan
 sersic    : (  171.47,   177.39)   10.06    716.46    1.83    0.98   -50.14
             (    -nan,     -nan)    -nan      -nan    -nan    -nan     -nan
 gaussian  : (  221.01,   242.84)  *64.97*    [2.00]  *0.05*  -16.04
             (    -nan,     -nan)   *-nan*    [0.00]  *-nan*    -nan
 gaussian  : (  244.10,   154.93)  *82.68*    [2.00]  *0.05*   14.84
             (    -nan,     -nan)   *-nan*    [0.00]  *-nan*    -nan
 Chi^2 = 855648.87871,  ndof = 105867
 Chi^2/nu = 8.082 

-----------------------------------------------------------------------------
-----------------------------------------------------------------------------

Input image     : ../data/horseshoe_data_512_cutout.fits[1:350,1:350] 
Init. par. file : galfit.feedme 
Restart file    : galfit.23 
Output image    : ../data/horseshoe_galfit.fits 

 sersic    : ( [168.68], [176.25])  14.58     23.64    3.10    0.86    -8.53
             (   [0.00],   [0.00])   0.01      0.23    0.02    0.00     0.41
 sersic    : ( [168.68], [176.25])  10.02    521.01    0.64    0.99   -72.30
             (   [0.00],   [0.00])   0.09     28.09    0.03    0.00    20.97
 gaussian  : (  164.04,    86.91)   20.49     [2.00]   0.78   -12.37
             (    0.03,     0.03)    0.02     [0.00]   0.07    12.58
 gaussian  : (  137.08,   159.18)   19.72     [2.00]   0.63    44.25
             (    0.01,     0.02)    0.01     [0.00]   0.05     4.34
 Chi^2 = 125805.16409,  ndof = 105871
 Chi^2/nu = 1.188 

-----------------------------------------------------------------------------
-----------------------------------------------------------------------------

Input image     : ../data/horseshoe_data_512_cutout.fits[1:350,1:350] 
Init. par. file : galfit.feedme 
Restart file    : galfit.24 
Output image    : ../data/horseshoe_galfit.fits 

 sersic    : ( [168.68], [176.25])  14.74     19.42    2.76    0.84    -6.95
             (   [0.00],   [0.00])   0.01      0.19    0.02    0.00     0.37
 sersic    : ( [168.68], [176.25])   8.65   1372.41    1.11    0.89   -72.83
             (   [0.00],   [0.00])   0.17    158.49    0.06    0.00     1.26
 gaussian  : (  164.04,    86.91)   20.49     [2.00]   0.79     3.76
             (    0.03,     0.03)    0.02     [0.00]   0.07    12.83
 gaussian  : (  137.09,   159.18)   19.71     [2.00]   0.65    44.25
             (    0.01,     0.02)    0.01     [0.00]   0.05     4.50
 Chi^2 = 123265.56562,  ndof = 105871
 Chi^2/nu = 1.164 

-----------------------------------------------------------------------------
-----------------------------------------------------------------------------

Input image     : ../data/horseshoe_data_512_cutout.fits[1:350,1:350] 
Init. par. file : galfit.feedme 
Restart file    : galfit.25 
Output image    : ../data/horseshoe_galfit.fits 

 sersic    : (  170.22,   177.35)   14.77     17.01    2.73    0.82    -4.86
             (    0.01,     0.01)    0.00      0.09    0.01    0.00     0.23
 sersic    : (  176.97,   178.69)    8.95   1146.03    1.08    0.90   -72.15
             (    0.23,     0.20)    0.09     69.46    0.03    0.00     0.93
 gaussian  : (  164.04,    86.91)   20.49     [2.00]   0.79     2.18
             (    0.02,     0.03)    0.01     [0.00]   0.05     9.48
 gaussian  : (  137.10,   159.19)   19.65     [2.00]   0.79    44.55
             (    0.01,     0.01)    0.01     [0.00]   0.03     5.28
 Chi^2 = 65858.02245,  ndof = 105867
 Chi^2/nu = 0.622 

-----------------------------------------------------------------------------
-----------------------------------------------------------------------------

Input image     : ../data/horseshoe_data_512_cutout.fits[1:350,1:350] 
Init. par. file : galfit.feedme 
Restart file    : galfit.26 
Output image    : ../data/horseshoe_galfit.fits 

 sersic    : ( [170.23], [177.33])  14.78     16.81    2.71    0.82    -4.80
             (   [0.00],   [0.00])   0.00      0.09    0.01    0.00     0.22
 sersic    : (  176.89,   178.70)    8.83   1243.81    1.12    0.90   -72.14
             (    0.22,     0.19)    0.09     79.33    0.03    0.00     0.92
 gaussian  : (  164.04,    86.91)   20.49     [2.00]   0.79    -0.37
             (    0.02,     0.03)    0.01     [0.00]   0.05     9.48
 gaussian  : (  137.10,   159.19)   19.65     [2.00]   0.80    44.55
             (    0.01,     0.01)    0.01     [0.00]   0.03     5.29
 Chi^2 = 65672.27874,  ndof = 105869
 Chi^2/nu = 0.620 

-----------------------------------------------------------------------------
-----------------------------------------------------------------------------

Input image     : ../data/horseshoe_data_512_cutout.fits[1:350,1:350] 
Init. par. file : galfit.feedme 
Restart file    : galfit.27 
Output image    : ../data/horseshoe_galfit.fits 

 sersic    : ( [170.23], [177.33])  13.99     51.86    4.86    0.87    -8.15
             (   [0.00],   [0.00])   0.00      0.09    0.00    0.00     0.00
 sersic    : ( [170.23], [177.33])  11.50    322.38   *0.02*   0.80   -59.96
             (   [0.00],   [0.00])  20.24   1794.16   *0.10*   6.95  5203.03
 gaussian  : (  164.03,    86.91)   20.45     [2.00]   0.86   -14.87
             (    0.02,     0.03)    0.01     [0.00]   0.05    14.88
 gaussian  : (  137.09,   159.18)   19.71     [2.00]   0.66    44.57
             (    0.01,     0.01)    0.01     [0.00]   0.04     3.67
 Chi^2 = 78852.46837,  ndof = 105871
 Chi^2/nu = 0.745 

-----------------------------------------------------------------------------
-----------------------------------------------------------------------------

Input image     : ../data/horseshoe_data_512_cutout.fits[1:350,1:350] 
Init. par. file : galfit.feedme 
Restart file    : galfit.28 
Output image    : ../data/horseshoe_galfit.fits 

 sersic    : (  170.22,   177.35)   14.77     17.01    2.73    0.82    -4.86
             (    0.01,     0.01)    0.00      0.09    0.01    0.00     0.23
 sersic    : (  176.97,   178.69)    8.95   1146.03    1.08    0.90   -72.15
             (    0.23,     0.20)    0.09     69.46    0.03    0.00     0.93
 gaussian  : (  164.04,    86.91)   20.49     [2.00]   0.79     2.18
             (    0.02,     0.03)    0.01     [0.00]   0.05     9.48
 gaussian  : (  137.10,   159.19)   19.65     [2.00]   0.79    44.55
             (    0.01,     0.01)    0.01     [0.00]   0.03     5.28
 Chi^2 = 65858.02245,  ndof = 105867
 Chi^2/nu = 0.622 

-----------------------------------------------------------------------------
-----------------------------------------------------------------------------

Input image     : ../data/horseshoe_data_512_cutout.fits[1:350,1:350] 
Init. par. file : galfit.feedme 
Restart file    : galfit.29 
Output image    : ../data/horseshoe_galfit.fits 

 sersic    : (  170.23,   177.36)   14.43     26.66    3.57    0.85    -6.77
             (    0.01,     0.01)    0.00      0.18    0.02    0.00     0.28
 sersic    : (  176.92,   180.14)   11.04    282.63    0.35    1.00   -56.34
             (    0.25,     0.26)    0.03      4.07    0.01    0.00   141.33
 gaussian  : (  164.04,    86.91)   20.48     [2.00]   0.81     1.81
             (    0.02,     0.03)    0.01     [0.00]   0.05    10.71
 gaussian  : (  137.09,   159.18)   19.67     [2.00]   0.74    44.52
             (    0.01,     0.01)    0.01     [0.00]   0.03     4.48
 Chi^2 = 72919.76002,  ndof = 105867
 Chi^2/nu = 0.689 

-----------------------------------------------------------------------------
-----------------------------------------------------------------------------

Input image     : ../data/horseshoe_data_512_cutout.fits[1:350,1:350] 
Init. par. file : galfit.feedme 
Restart file    : galfit.30 
Output image    : ../data/horseshoe_galfit.fits 

 sersic    : (  170.23,   177.35)   14.64     20.12    3.04    0.84    -5.73
             (    0.00,     0.01)    0.00      0.12    0.01    0.00     0.26
 sersic    : (  177.80,   178.61)   10.38    447.66    0.65    0.95   -73.57
             (    0.28,     0.25)    0.04     12.01    0.01    0.00     1.85
 gaussian  : (  164.04,    86.91)   20.48     [2.00]   0.80     6.99
             (    0.02,     0.03)    0.01     [0.00]   0.05    10.34
 gaussian  : (  137.10,   159.18)   19.66     [2.00]   0.77    44.53
             (    0.01,     0.01)    0.01     [0.00]   0.03     5.04
 Chi^2 = 54957.58361,  ndof = 81712
 Chi^2/nu = 0.673 

-----------------------------------------------------------------------------
-----------------------------------------------------------------------------

Input image     : ../data/horseshoe_data_512_cutout.fits[1:350,1:350] 
Init. par. file : galfit.feedme 
Restart file    : galfit.31 
Output image    : ../data/horseshoe_galfit.fits 

 sersic    : (  168.71,   176.27)   23.01    102.15    4.89    0.98    -1.85
             (151134.19, 155628.16) 48688.28 9834158.00 260919.64 18501.01 22650012.00
 sersic    : (  168.68,   176.25)    9.00     10.00    1.20    0.50    -0.00
             (    0.03,     0.05)    0.03      0.06    0.03    0.01     0.26
 gaussian  : (  163.00,    85.00)   18.00     [2.00]   0.90    -0.00
             (    2.85,     3.23)    1.61     [0.00]   6.09  2765.07
 gaussian  : (  136.00,   158.00)   18.00     [2.00]   0.90    -0.00
             (    3.30,     3.85)    2.10     [0.00]   7.90  3464.95
 Chi^2 = 103003355052.32208,  ndof = 81712
 Chi^2/nu = 1260565.829 

-----------------------------------------------------------------------------
-----------------------------------------------------------------------------

Input image     : ../data/horseshoe_data_512_cutout.fits[1:350,1:350] 
Init. par. file : galfit.feedme 
Restart file    : galfit.32 
Output image    : ../data/horseshoe_galfit.fits 

 sersic    : (  170.29,   177.39)    9.87   3296.56   [5.00]  [1.00]   40.25
             (    -nan,     -nan)    -nan      -nan   [0.00]  [0.00]    -nan
 sersic    : (  174.33,   174.93)   10.73    679.63   [1.20]   0.99   -58.62
             (    -nan,     -nan)    -nan      -nan   [0.00]   -nan     -nan
 gaussian  : (  164.04,    86.89)   20.59     [2.00]   0.58   -27.08
             (    -nan,     -nan)    -nan     [0.00]   -nan     -nan
 gaussian  : (  137.13,   159.19)   19.27     [2.00]  *0.03*  -60.46
             (    -nan,     -nan)    -nan     [0.00]  *-nan*    -nan
 Chi^2 = 582021.97980,  ndof = 81715
 Chi^2/nu = 7.123 

-----------------------------------------------------------------------------
-----------------------------------------------------------------------------

Input image     : ../data/horseshoe_data_512_cutout.fits[1:350,1:350] 
Init. par. file : galfit.feedme 
Restart file    : galfit.33 
Output image    : ../data/horseshoe_galfit.fits 

 sersic    : (  173.54,   177.20)    3.89 135676.52   [5.00]  [1.00]   72.75
             (    0.07,     0.06)    0.01   1158.08   [0.00]  [0.00] 72650.66
 sersic    : (  170.13,   177.37)   15.54      9.31   [1.20]  [0.50]   -2.72
             (    0.01,     0.01)    0.00      0.02   [0.00]  [0.00]    0.08
 gaussian  : (  164.04,    86.90)   20.54     [2.00]   0.69    15.36
             (    0.03,     0.03)    0.02     [0.00]   0.07     8.82
 gaussian  : (  137.12,   159.19)   19.67     [2.00]   0.75    45.41
             (    0.01,     0.01)    0.01     [0.00]   0.04     5.84
 Chi^2 = 89780.28856,  ndof = 81716
 Chi^2/nu = 1.099 

-----------------------------------------------------------------------------
-----------------------------------------------------------------------------

Input image     : ../data/horseshoe_data_512_cutout.fits[1:350,1:350] 
Init. par. file : galfit.feedme 
Restart file    : galfit.34 
Output image    : ../data/horseshoe_galfit.fits 

 sersic    : (  174.31,   177.38)    4.69  50982.84   [4.00]  [1.00]   -6.69
             (    0.11,     0.11)    0.01    404.80   [0.00]  [0.00] 77816.58
 sersic    : (  170.15,   177.36)   15.46      9.94   [1.20]  [0.50]   -2.82
             (    0.01,     0.01)    0.00      0.02   [0.00]  [0.00]    0.09
 gaussian  : (  164.04,    86.90)   20.54     [2.00]   0.70    15.30
             (    0.03,     0.03)    0.02     [0.00]   0.07     9.06
 gaussian  : (  137.13,   159.19)   19.62     [2.00]   0.84    45.66
             (    0.01,     0.01)    0.01     [0.00]   0.04     8.67
 Chi^2 = 89332.65488,  ndof = 81716
 Chi^2/nu = 1.093 

-----------------------------------------------------------------------------
-----------------------------------------------------------------------------

Input image     : ../data/horseshoe_data_512_cutout.fits[1:350,1:350] 
Init. par. file : galfit.feedme 
Restart file    : galfit.35 
Output image    : ../data/horseshoe_galfit.fits 

 sersic    : (  173.68,   177.64)    9.58    853.34    1.35   [1.00]  -75.62
             (    0.11,     0.11)    0.04     26.82    0.02   [0.00] 72014.22
 sersic    : (  170.25,   177.36)   15.25      9.78   [1.20]   0.78    -3.59
             (    0.01,     0.01)    0.00      0.02   [0.00]   0.00     0.22
 gaussian  : (  164.04,    86.91)   20.55     [2.00]   0.69    15.86
             (    0.03,     0.03)    0.02     [0.00]   0.06     8.22
 gaussian  : (  137.13,   159.19)   19.59     [2.00]   0.97     6.73
             (    0.02,     0.02)    0.01     [0.00]   0.03    40.58
 Chi^2 = 79433.77016,  ndof = 81714
 Chi^2/nu = 0.972 

-----------------------------------------------------------------------------
-----------------------------------------------------------------------------

Input image     : ../data/horseshoe_data_512_cutout.fits[1:350,1:350] 
Init. par. file : galfit.feedme 
Restart file    : galfit.36 
Output image    : ../data/horseshoe_galfit.fits 

 sersic    : (  173.81,   177.77)    9.48    903.69   [1.34]  [1.00]   [0.00]
             (    0.12,     0.12)    0.01      2.83   [0.00]  [0.00]   [0.00]
 sersic    : (  170.26,   177.36)   15.24      9.93   [1.20]   0.78    -3.62
             (    0.01,     0.01)    0.00      0.02   [0.00]   0.00     0.22
 gaussian  : (  164.04,    86.91)   20.54     [2.00]   0.69   -25.34
             (    0.03,     0.03)    0.02     [0.00]   0.07     7.98
 gaussian  : (  137.12,   159.19)   19.58     [2.00]   0.99    75.42
             (    0.01,     0.01)    0.01     [0.00]   0.03   102.90
 Chi^2 = 79143.15515,  ndof = 81716
 Chi^2/nu = 0.969 

-----------------------------------------------------------------------------
-----------------------------------------------------------------------------

Input image     : ../data/horseshoe_data_512_cutout.fits[1:350,1:350] 
Init. par. file : galfit.feedme 
Restart file    : galfit.37 
Output image    : ../data/horseshoe_galfit.fits 

 sersic    : (  173.81,   177.77)    9.48    903.69   [1.34]  [1.00]   [0.00]
             (    0.12,     0.12)    0.01      2.83   [0.00]  [0.00]   [0.00]
 sersic    : (  170.26,   177.36)   15.24      9.93   [1.20]   0.78    -3.62
             (    0.01,     0.01)    0.00      0.02   [0.00]   0.00     0.22
 gaussian  : (  164.04,    86.91)   20.54     [2.00]   0.69   -25.34
             (    0.03,     0.03)    0.02     [0.00]   0.07     7.98
 gaussian  : (  137.12,   159.19)   19.58     [2.00]   0.99    75.42
             (    0.01,     0.01)    0.01     [0.00]   0.03   102.90
 Chi^2 = 79143.15515,  ndof = 81716
 Chi^2/nu = 0.969 

-----------------------------------------------------------------------------
-----------------------------------------------------------------------------

Input image     : ../data/horseshoe_data_512_cutout.fits[1:350,1:350] 
Init. par. file : galfit.feedme 
Restart file    : galfit.38 
Output image    : ../data/horseshoe_galfit.fits 

 sersic    : ( [173.77], [177.77])   8.90   1453.87    1.68   [1.00]   [0.00]
             (   [0.00],   [0.00])   0.06     64.20    0.03   [0.00]   [0.00]
 sersic    : (  170.24,   177.35)   15.28      9.55   [1.20]   0.77    -3.52
             (    0.01,     0.01)    0.00      0.01   [0.00]   0.00     0.21
 gaussian  : (  164.04,    86.90)   20.54     [2.00]   0.70    17.15
             (    0.03,     0.03)    0.02     [0.00]   0.06     8.11
 gaussian  : (  137.12,   159.19)   19.60     [2.00]   0.92    44.08
             (    0.01,     0.01)    0.01     [0.00]   0.03    15.06
 Chi^2 = 73958.25911,  ndof = 81717
 Chi^2/nu = 0.905 

-----------------------------------------------------------------------------
-----------------------------------------------------------------------------

Input image     : ../data/horseshoe_data_512_cutout.fits[1:350,1:350] 
Init. par. file : galfit.feedme 
Restart file    : galfit.39 
Output image    : ../data/horseshoe_galfit.fits 

 sersic    : ( [173.77], [177.77])  14.30     63.22    1.41   [1.00]   [0.00]
             (   [0.00],   [0.00])   0.00      0.19    0.01   [0.00]   [0.00]
 sersic    : (  170.08,   177.32)   15.65      7.34   [1.20]   0.70    -2.70
             (    0.00,     0.00)    0.00      0.01   [0.00]   0.00     0.14
 gaussian  : (  164.03,    86.91)   20.44     [2.00]   0.89     4.70
             (    0.02,     0.02)    0.01     [0.00]   0.04    14.01
 gaussian  : (  137.11,   159.18)   19.68     [2.00]   0.73    45.17
             (    0.01,     0.01)    0.01     [0.00]   0.03     3.43
 Chi^2 = 34442.35460,  ndof = 81717
 Chi^2/nu = 0.421 

-----------------------------------------------------------------------------
-----------------------------------------------------------------------------

Input image     : ../data/horseshoe_data_512_cutout.fits[1:350,1:350] 
Init. par. file : galfit.feedme 
Restart file    : galfit.40 
Output image    : ../data/horseshoe_galfit.fits 

 sersic    : (  170.76,   177.42)   14.14     64.60    2.08   [1.00]   [0.00]
             (    0.02,     0.03)    0.00      0.27    0.01   [0.00]   [0.00]
 sersic    : (  170.17,   177.34)   15.93      6.54    1.00    0.65    -2.67
             (    0.00,     0.01)    0.00      0.01    0.00    0.00     0.13
 gaussian  : (  164.03,    86.91)   20.44     [2.00]   0.90     5.78
             (    0.02,     0.02)    0.01     [0.00]   0.04    14.04
 gaussian  : (  137.10,   159.18)   19.73     [2.00]   0.61    45.01
             (    0.01,     0.01)    0.01     [0.00]   0.03     2.37
 Chi^2 = 31606.55969,  ndof = 81714
 Chi^2/nu = 0.387 

-----------------------------------------------------------------------------
-----------------------------------------------------------------------------

Input image     : ../data/horseshoe_data_512_cutout.fits[1:350,1:350] 
Init. par. file : galfit.feedme 
Restart file    : galfit.41 
Output image    : ../data/horseshoe_galfit.fits 

 sersic    : (  170.77,   177.40)   14.16     66.58    1.99    0.94   -61.96
             (    0.03,     0.02)    0.00      0.27    0.01    0.00     0.77
 sersic    : (  170.18,   177.35)   15.89      6.67    1.04    0.65    -1.59
             (    0.00,     0.01)    0.00      0.01    0.00    0.00     0.13
 gaussian  : (  164.03,    86.91)   20.43     [2.00]   0.91     5.82
             (    0.02,     0.02)    0.01     [0.00]   0.04    15.33
 gaussian  : (  137.10,   159.18)   19.75     [2.00]   0.56    44.96
             (    0.01,     0.01)    0.01     [0.00]   0.03     2.13
 Chi^2 = 31069.86525,  ndof = 81712
 Chi^2/nu = 0.380 

-----------------------------------------------------------------------------
-----------------------------------------------------------------------------

Input image     : ../data/horseshoe_data_512_cutout.fits[1:350,1:350] 
Init. par. file : galfit.feedme 
Restart file    : galfit.42 
Output image    : ../data/horseshoe_galfit.fits 

 sersic    : (  170.77,   177.39)   14.16     66.57    1.99    0.94   -61.91
             (    0.03,     0.03)    0.00      0.27    0.01    0.00     0.77
 sersic    : (  170.18,   177.35)   15.89      6.66    1.04    0.65    -1.58
             (    0.00,     0.01)    0.00      0.01    0.00    0.00     0.13
 gaussian  : (  164.03,    86.91)   20.44      1.86    0.97     2.27
             (    0.02,     0.02)    0.01      0.07    0.04    46.08
 gaussian  : (  137.10,   159.18)   19.77      1.62    0.69    44.52
             (    0.01,     0.01)    0.01      0.04    0.04     3.68
 Chi^2 = 31045.92429,  ndof = 81710
 Chi^2/nu = 0.380 

-----------------------------------------------------------------------------
-----------------------------------------------------------------------------

Input image     : ../data/horseshoe_data_512_cutout.fits[1:350,1:350] 
Init. par. file : galfit.feedme 
Restart file    : galfit.43 
Output image    : ../data/horseshoe_galfit.fits 

 sersic    : (  170.67,   177.42)   13.72    110.51    3.45    0.94   -58.14
             (    0.03,     0.02)    0.01      1.13    0.04    0.00     0.82
 sersic    : (  170.12,   177.32)   16.10      6.70    0.95    0.60    -1.02
             (    0.01,     0.01)    0.01      0.01    0.00    0.00     0.14
 gaussian  : (  164.03,    86.91)   20.47      1.74    0.96    -0.65
             (    0.02,     0.02)    0.01      0.08    0.05    48.91
 gaussian  : (  137.10,   159.18)   19.76      1.64    0.70    44.51
             (    0.01,     0.01)    0.01      0.05    0.04     4.05
 Chi^2 = 47306.86595,  ndof = 105865
 Chi^2/nu = 0.447 

-----------------------------------------------------------------------------
